 
cpldfit:  version P.20131013                        Xilinx Inc.
                                  Fitter Report
Design Name: clock                               Date: 12- 5-2020,  3:28PM
Device Used: XC2C128-6-VQ100
Fitting Status: Successful

*************************  Mapped Resource Summary  **************************

Macrocells     Product Terms    Function Block   Registers      Pins           
Used/Tot       Used/Tot         Inps Used/Tot    Used/Tot       Used/Tot       
87 /128 ( 68%) 229 /448  ( 51%) 98  /320  ( 31%) 39 /128 ( 30%) 33 /80  ( 41%)

** Function Block Resources **

Function Mcells   FB Inps  Pterms   IO       CTC      CTR      CTS      CTE     
Block    Used/Tot Used/Tot Used/Tot Used/Tot Used/Tot Used/Tot Used/Tot Used/Tot
FB1      13/16     14/40    56/56*    8/10    0/1      0/1      0/1      0/1
FB2      14/16     18/40    56/56*    9/10    1/1*     0/1      0/1      0/1
FB3      16/16*    16/40    16/56     0/11    1/1*     0/1      0/1      0/1
FB4      16/16*    16/40    46/56    11/11*   1/1*     0/1      0/1      0/1
FB5      16/16*    20/40    34/56     0/10    1/1*     0/1      0/1      0/1
FB6       8/16     10/40    13/56     0/ 9    1/1*     0/1      0/1      0/1
FB7       0/16      0/40     0/56     0/10    0/1      0/1      0/1      0/1
FB8       4/16      4/40     8/56     4/ 9    0/1      0/1      0/1      0/1
         -----    -------  -------   -----    ---      ---      ---      ---
Total    87/128    98/320  229/448   32/80    5/8      0/8      0/8      0/8 

CTC - Control Term Clock
CTR - Control Term Reset
CTS - Control Term Set
CTE - Control Term Output Enable

* - Resource is exhausted

** Global Control Resources **

GCK         GSR         GTS         DGE         
Used/Tot    Used/Tot    Used/Tot    Used/Tot    
1/3         0/1         0/4         0/1

Signal 'MainClk' mapped onto global clock net GCK1.

** Pin Resources **

Signal Type    Required     Mapped  |  Pin Type            Used    Total 
------------------------------------|------------------------------------
Input         :    0           0    |  I/O              :    28     70
Output        :   32          32    |  GCK/IO           :     3      3
Bidirectional :    0           0    |  GTS/IO           :     0      4
GCK           :    1           1    |  GSR/IO           :     0      1
GTS           :    0           0    |  CDR/IO           :     1      1
GSR           :    0           0    |  DGE/IO           :     1      1
                 ----        ----
        Total     33          33

End of Mapped Resource Summary
**************************  Errors and Warnings  ***************************

WARNING:Cpld - Unable to retrieve the path to the iSE Project Repository. Will
   use the default filename of 'clock.ise'.
INFO:Cpld - Inferring BUFG constraint for signal 'MainClk' based upon the LOC
   constraint 'P23'. It is recommended that you declare this BUFG explicitedly
   in your design. Note that for certain device families the output of a BUFG
   constraint can not drive a gated clock, and the BUFG constraint will be
   ignored.
*************************  Summary of Mapped Logic  ************************

** 32 Outputs **

Signal                Total Total Bank Loc     Pin   Pin       Pin     I/O      I/O       Slew Reg     Reg Init
Name                  Pts   Inps               No.   Type      Use     STD      Style     Rate Use     State
DIG0<1>               4     7     2    FB1_1   13    I/O       O       LVCMOS18           FAST         
DIG0<0>               3     7     2    FB1_3   12    I/O       O       LVCMOS18           FAST         
DIG0<7>               0     0     2    FB1_4   11    I/O       O       LVCMOS18           FAST         
DIG0<5>               7     8     2    FB1_5   10    I/O       O       LVCMOS18           FAST         
DIG0<6>               6     11    2    FB1_6   9     I/O       O       LVCMOS18           FAST         
DIG0<4>               7     11    2    FB1_11  8     I/O       O       LVCMOS18           FAST         
DIG0<3>               4     8     2    FB1_12  7     I/O       O       LVCMOS18           FAST         
DIG0<2>               5     8     2    FB1_13  6     I/O       O       LVCMOS18           FAST         
DIG1<2>               3     4     1    FB2_2   14    I/O       O       LVCMOS18           FAST         
DIG1<3>               4     4     1    FB2_3   15    I/O       O       LVCMOS18           FAST         
DIG1<4>               3     4     1    FB2_4   16    I/O       O       LVCMOS18           FAST         
DIG1<6>               3     4     1    FB2_5   17    I/O       O       LVCMOS18           FAST         
DIG1<5>               3     4     1    FB2_6   18    I/O       O       LVCMOS18           FAST         
DIG1<7>               1     1     1    FB2_11  19    I/O       O       LVCMOS18           FAST TFF     RESET
DIG1<0>               3     4     1    FB2_13  22    GCK/I/O   O       LVCMOS18           FAST         
DIG1<1>               3     4     1    FB2_15  24    CDR/I/O   O       LVCMOS18           FAST         
DIG2<2>               4     9     1    FB2_16  27    GCK/I/O   O       LVCMOS18           FAST         
DIG2<3>               4     7     1    FB4_1   28    DGE/I/O   O       LVCMOS18           FAST         
DIG2<4>               9     11    1    FB4_4   29    I/O       O       LVCMOS18           FAST         
DIG2<6>               5     9     1    FB4_5   30    I/O       O       LVCMOS18           FAST         
DIG2<5>               7     10    1    FB4_6   32    I/O       O       LVCMOS18           FAST         
DIG2<7>               0     0     1    FB4_7   33    I/O       O       LVCMOS18           FAST         
DIG2<0>               3     7     1    FB4_11  34    I/O       O       LVCMOS18           FAST         
DIG2<1>               3     8     1    FB4_12  35    I/O       O       LVCMOS18           FAST         
DIG3<2>               3     4     1    FB4_13  36    I/O       O       LVCMOS18           FAST         
DIG3<3>               4     4     1    FB4_14  37    I/O       O       LVCMOS18           FAST         
DIG3<4>               3     4     1    FB4_15  39    I/O       O       LVCMOS18           FAST         
DIG3<6>               3     4     1    FB4_16  40    I/O       O       LVCMOS18           FAST         
DIG3<1>               3     4     1    FB8_13  44    I/O       O       LVCMOS18           FAST         
DIG3<0>               3     4     1    FB8_14  43    I/O       O       LVCMOS18           FAST         
DIG3<7>               0     0     1    FB8_15  42    I/O       O       LVCMOS18           FAST         
DIG3<5>               3     4     1    FB8_16  41    I/O       O       LVCMOS18           FAST         

** 55 Buried Nodes **

Signal                Total Total Loc     Reg     Reg Init
Name                  Pts   Inps          Use     State
dzielnik/FDivCnt<0>   0     0     FB1_7   TFF     RESET
N_PZ_319              2     5     FB1_8           
N_PZ_396              5     7     FB1_9           
hoursbcd<2>           10    11    FB1_10          
hoursbcd<3>           7     10    FB1_14          
seccount/counter<0>   1     1     FB2_7   TFF     RESET
N_PZ_300              5     6     FB2_8           
minutesbcd<1>         11    9     FB2_9           
minutesbcd<3>         6     10    FB2_10          
minutesbcd<2>         12    12    FB2_12          
dzielnik/FDivCnt<10>  1     10    FB3_1   TFF     RESET
hourcount/counter<1>  2     2     FB3_2   TFF     RESET
hoursbcd<0>           1     1     FB3_3   TFF     RESET
dzielnik/FDivCnt<1>   1     1     FB3_4   TFF     RESET
dzielnik/FDivCnt<2>   1     2     FB3_5   TFF     RESET
dzielnik/FDivCnt<3>   1     3     FB3_6   TFF     RESET
dzielnik/FDivCnt<4>   1     4     FB3_7   TFF     RESET
dzielnik/FDivCnt<11>  1     11    FB3_8   TFF     RESET
dzielnik/FDivCnt<12>  1     12    FB3_9   TFF     RESET
dzielnik/FDivCnt<13>  1     13    FB3_10  TFF     RESET
dzielnik/FDivCnt<5>   1     5     FB3_11  TFF     RESET
FSec                  1     14    FB3_12  TFF     RESET
dzielnik/FDivCnt<6>   1     6     FB3_13  TFF     RESET
dzielnik/FDivCnt<7>   1     7     FB3_14  TFF     RESET
dzielnik/FDivCnt<8>   1     8     FB3_15  TFF     RESET
dzielnik/FDivCnt<9>   1     9     FB3_16  TFF     RESET
mincount/counter<2>   4     8     FB4_2   TFF     RESET
mincount/counter<5>   3     8     FB4_3   TFF     RESET
mincount/counter<4>   3     8     FB4_8   TFF     RESET
mincount/counter<3>   3     8     FB4_9   TFF     RESET
FHour                 2     8     FB4_10  DFF     RESET
N_PZ_405              1     3     FB5_1           
N_PZ_313              2     2     FB5_2           
N_PZ_317              2     3     FB5_3           
hourcount/counter<2>  2     3     FB5_4   TFF     RESET
mincount/counter<6>   2     7     FB5_5   TFF     RESET
hourcount/counter<5>  2     6     FB5_6   TFF     RESET
mincount/counter<1>   2     2     FB5_7   TFF     RESET
hourcount/counter<6>  2     7     FB5_8   TFF     RESET
hourcount/counter<3>  5     8     FB5_9   TFF     RESET

Signal                Total Total Loc     Reg     Reg Init
Name                  Pts   Inps          Use     State
hourcount/counter<4>  3     8     FB5_10  TFF     RESET
minutesbcd<0>         1     1     FB5_11  TFF     RESET
N_PZ_312              2     2     FB5_12          
N_PZ_364              1     2     FB5_13          
N_PZ_354              1     2     FB5_14          
N_PZ_316              1     2     FB5_15          
hoursbcd<1>           9     9     FB5_16          
seccount/counter<1>   2     2     FB6_7   TFF     RESET
seccount/counter<6>   2     7     FB6_8   TFF     RESET
seccount/counter<5>   3     8     FB6_9   TFF     RESET
seccount/counter<4>   3     8     FB6_10  TFF     RESET
seccount/counter<3>   3     8     FB6_11  TFF     RESET
FMin                  2     8     FB6_13  DFF     RESET
seccount/counter<2>   4     8     FB6_15  TFF     RESET
N_PZ_315              2     2     FB6_16          

** 1 Inputs **

Signal                Bank Loc     Pin   Pin       Pin     I/O      I/O
Name                               No.   Type      Use     STD      Style
MainClk               1    FB2_14  23    GCK/I/O   GCK     LVCMOS18 KPR

Legend:
Pin No.   - ~     - User Assigned
I/O Style - OD    - OpenDrain
          - PU    - Pullup
          - KPR   - Keeper
          - S     - SchmittTrigger
          - DG    - DataGate
Reg Use   - LATCH - Transparent latch
          - DFF   - D-flip-flop
          - DEFF  - D-flip-flop with clock enable
          - TFF   - T-flip-flop
          - TDFF  - Dual-edge-triggered T-flip-flop
          - DDFF  - Dual-edge-triggered flip-flop
          - DDEFF - Dual-edge-triggered flip-flop with clock enable
          /S (after any above flop/latch type) indicates initial state is Set
**************************  Function Block Details  ************************
Legend:
Total Pt     - Total product terms used by the macrocell signal
Loc          - Location where logic was mapped in device
Pin Type/Use - I  - Input             GCK - Global clock
               O  - Output            GTS - Global Output Enable
              (b) - Buried macrocell  GSR - Global Set/Reset
              VRF - Vref
Pin No.      - ~  - User Assigned
*********************************** FB1  ***********************************
This function block is part of I/O Bank number:               2
Number of function block inputs used/remaining:               14/26
Number of function block control terms used/remaining:        0/4
Number of PLA product terms used/remaining:                   56/0
Signal                        Total Loc     Pin  Pin     Pin   CTC CTR CTS CTE
Name                          Pt            No.  Type    Use   
DIG0<1>                       4     FB1_1   13   I/O     O                 
(unused)                      0     FB1_2        (b)           
DIG0<0>                       3     FB1_3   12   I/O     O                 
DIG0<7>                       0     FB1_4   11   I/O     O                 
DIG0<5>                       7     FB1_5   10   I/O     O                 
DIG0<6>                       6     FB1_6   9    I/O     O                 
dzielnik/FDivCnt<0>           0     FB1_7        (b)     (b)               
N_PZ_319                      2     FB1_8        (b)     (b)               
N_PZ_396                      5     FB1_9        (b)     (b)               
hoursbcd<2>                   10    FB1_10       (b)     (b)               
DIG0<4>                       7     FB1_11  8    I/O     O                 
DIG0<3>                       4     FB1_12  7    I/O     O                 
DIG0<2>                       5     FB1_13  6    I/O     O                 
hoursbcd<3>                   7     FB1_14       (b)     (b)               
(unused)                      0     FB1_15  4    GTS/I/O       
(unused)                      0     FB1_16  3    GTS/I/O       

Signals Used by Logic in Function Block
  1: N_PZ_312           6: N_PZ_396              11: hourcount/counter<5> 
  2: N_PZ_316           7: hourcount/counter<1>  12: hourcount/counter<6> 
  3: N_PZ_319           8: hourcount/counter<2>  13: hoursbcd<1> 
  4: N_PZ_354           9: hourcount/counter<3>  14: hoursbcd<3> 
  5: N_PZ_364          10: hourcount/counter<4> 

Signal                     1         2         3         4 FB      
Name             0----+----0----+----0----+----0----+----0 Inputs  
DIG0<1>           .X.....XXXXX.X.......................... 7       
DIG0<0>           .....X.XXXXX.X.......................... 7       
DIG0<7>           ........................................ 0       
DIG0<5>           .X.X...XXXXX.X.......................... 8       
DIG0<6>           XXXX.X.XXXXX.X.......................... 11      
dzielnik/FDivCnt<0> 
                  ........................................ 0       
N_PZ_319          ...XX..X.X.X............................ 5       
N_PZ_396          .X.....XXXXX.X.......................... 7       
hoursbcd<2>       X.XXX.X.XXXXXX.......................... 11      
DIG0<4>           XXXXXX.XXXX..X.......................... 11      
DIG0<3>           .X.X.X.XXXX..X.......................... 8       
DIG0<2>           .X..X..XXXXX.X.......................... 8       
hoursbcd<3>       X.XXX.XXXXXX............................ 10      
                 0----+----1----+----2----+----3----+----4
                           0         0         0         0
*********************************** FB2  ***********************************
This function block is part of I/O Bank number:               1
Number of function block inputs used/remaining:               18/22
Number of function block control terms used/remaining:        1/3
Number of PLA product terms used/remaining:                   56/0
Signal                        Total Loc     Pin  Pin     Pin   CTC CTR CTS CTE
Name                          Pt            No.  Type    Use   
(unused)                      0     FB2_1        (b)           
DIG1<2>                       3     FB2_2   14   I/O     O                 
DIG1<3>                       4     FB2_3   15   I/O     O                 
DIG1<4>                       3     FB2_4   16   I/O     O                 
DIG1<6>                       3     FB2_5   17   I/O     O                 
DIG1<5>                       3     FB2_6   18   I/O     O                 
seccount/counter<0>           1     FB2_7        (b)     (b)    +          
N_PZ_300                      5     FB2_8        (b)     (b)               
minutesbcd<1>                 11    FB2_9        (b)     (b)               
minutesbcd<3>                 6     FB2_10       (b)     (b)               
DIG1<7>                       1     FB2_11  19   I/O     O      +          
minutesbcd<2>                 12    FB2_12       (b)     (b)               
DIG1<0>                       3     FB2_13  22   GCK/I/O O                 
(unused)                      0     FB2_14  23   GCK/I/O GCK   
DIG1<1>                       3     FB2_15  24   CDR/I/O O                 
DIG2<2>                       4     FB2_16  27   GCK/I/O O                 

Signals Used by Logic in Function Block
  1: FSec               7: hoursbcd<0>          13: mincount/counter<3> 
  2: N_PZ_300           8: hoursbcd<1>          14: mincount/counter<4> 
  3: N_PZ_313           9: hoursbcd<2>          15: mincount/counter<5> 
  4: N_PZ_315          10: hoursbcd<3>          16: mincount/counter<6> 
  5: N_PZ_317          11: mincount/counter<1>  17: minutesbcd<1> 
  6: N_PZ_405          12: mincount/counter<2>  18: minutesbcd<3> 

Signal                     1         2         3         4 FB      
Name             0----+----0----+----0----+----0----+----0 Inputs  
DIG1<2>           ......XXXX.............................. 4       
DIG1<3>           ......XXXX.............................. 4       
DIG1<4>           ......XXXX.............................. 4       
DIG1<6>           ......XXXX.............................. 4       
DIG1<5>           ......XXXX.............................. 4       
seccount/counter<0> 
                  X....................................... 1       
N_PZ_300          ...........XXXXX.X...................... 6       
minutesbcd<1>     ..X..X....XXXXXX.X...................... 9       
minutesbcd<3>     ..XXXX....XXXXXX........................ 10      
DIG1<7>           X....................................... 1       
minutesbcd<2>     ..XXXX....XXXXXXXX...................... 12      
DIG1<0>           ......XXXX.............................. 4       
DIG1<1>           ......XXXX.............................. 4       
DIG2<2>           .XXXX.......XXXX.X...................... 9       
                 0----+----1----+----2----+----3----+----4
                           0         0         0         0
*********************************** FB3  ***********************************
This function block is part of I/O Bank number:               2
Number of function block inputs used/remaining:               16/24
Number of function block control terms used/remaining:        1/3
Number of PLA product terms used/remaining:                   16/40
Signal                        Total Loc     Pin  Pin     Pin   CTC CTR CTS CTE
Name                          Pt            No.  Type    Use   
dzielnik/FDivCnt<10>          1     FB3_1        (b)     (b)               
hourcount/counter<1>          2     FB3_2   2    GTS/I/O (b)    +          
hoursbcd<0>                   1     FB3_3   1    GTS/I/O (b)    +          
dzielnik/FDivCnt<1>           1     FB3_4   99   GSR/I/O (b)               
dzielnik/FDivCnt<2>           1     FB3_5   97   I/O     (b)               
dzielnik/FDivCnt<3>           1     FB3_6   96   I/O     (b)               
dzielnik/FDivCnt<4>           1     FB3_7   95   I/O     (b)               
dzielnik/FDivCnt<11>          1     FB3_8        (b)     (b)               
dzielnik/FDivCnt<12>          1     FB3_9        (b)     (b)               
dzielnik/FDivCnt<13>          1     FB3_10       (b)     (b)               
dzielnik/FDivCnt<5>           1     FB3_11  94   I/O     (b)               
FSec                          1     FB3_12       (b)     (b)               
dzielnik/FDivCnt<6>           1     FB3_13  93   I/O     (b)               
dzielnik/FDivCnt<7>           1     FB3_14  92   I/O     (b)               
dzielnik/FDivCnt<8>           1     FB3_15  91   I/O     (b)               
dzielnik/FDivCnt<9>           1     FB3_16  90   I/O     (b)               

Signals Used by Logic in Function Block
  1: FHour                  7: dzielnik/FDivCnt<1>  12: dzielnik/FDivCnt<6> 
  2: dzielnik/FDivCnt<0>    8: dzielnik/FDivCnt<2>  13: dzielnik/FDivCnt<7> 
  3: dzielnik/FDivCnt<10>   9: dzielnik/FDivCnt<3>  14: dzielnik/FDivCnt<8> 
  4: dzielnik/FDivCnt<11>  10: dzielnik/FDivCnt<4>  15: dzielnik/FDivCnt<9> 
  5: dzielnik/FDivCnt<12>  11: dzielnik/FDivCnt<5>  16: hoursbcd<0> 
  6: dzielnik/FDivCnt<13> 

Signal                     1         2         3         4 FB      
Name             0----+----0----+----0----+----0----+----0 Inputs  
dzielnik/FDivCnt<10> 
                  .X....XXXXXXXXX......................... 10      
hourcount/counter<1> 
                  X..............X........................ 2       
hoursbcd<0>       X....................................... 1       
dzielnik/FDivCnt<1> 
                  .X...................................... 1       
dzielnik/FDivCnt<2> 
                  .X....X................................. 2       
dzielnik/FDivCnt<3> 
                  .X....XX................................ 3       
dzielnik/FDivCnt<4> 
                  .X....XXX............................... 4       
dzielnik/FDivCnt<11> 
                  .XX...XXXXXXXXX......................... 11      
dzielnik/FDivCnt<12> 
                  .XXX..XXXXXXXXX......................... 12      
dzielnik/FDivCnt<13> 
                  .XXXX.XXXXXXXXX......................... 13      
dzielnik/FDivCnt<5> 
                  .X....XXXX.............................. 5       
FSec              .XXXXXXXXXXXXXX......................... 14      
dzielnik/FDivCnt<6> 
                  .X....XXXXX............................. 6       
dzielnik/FDivCnt<7> 
                  .X....XXXXXX............................ 7       
dzielnik/FDivCnt<8> 
                  .X....XXXXXXX........................... 8       
dzielnik/FDivCnt<9> 
                  .X....XXXXXXXX.......................... 9       
                 0----+----1----+----2----+----3----+----4
                           0         0         0         0
*********************************** FB4  ***********************************
This function block is part of I/O Bank number:               1
Number of function block inputs used/remaining:               16/24
Number of function block control terms used/remaining:        1/3
Number of PLA product terms used/remaining:                   46/10
Signal                        Total Loc     Pin  Pin     Pin   CTC CTR CTS CTE
Name                          Pt            No.  Type    Use   
DIG2<3>                       4     FB4_1   28   DGE/I/O O                 
mincount/counter<2>           4     FB4_2        (b)     (b)    +          
mincount/counter<5>           3     FB4_3        (b)     (b)    +          
DIG2<4>                       9     FB4_4   29   I/O     O                 
DIG2<6>                       5     FB4_5   30   I/O     O                 
DIG2<5>                       7     FB4_6   32   I/O     O                 
DIG2<7>                       0     FB4_7   33   I/O     O                 
mincount/counter<4>           3     FB4_8        (b)     (b)    +          
mincount/counter<3>           3     FB4_9        (b)     (b)    +          
FHour                         2     FB4_10       (b)     (b)    +          
DIG2<0>                       3     FB4_11  34   I/O     O                 
DIG2<1>                       3     FB4_12  35   I/O     O                 
DIG3<2>                       3     FB4_13  36   I/O     O                 
DIG3<3>                       4     FB4_14  37   I/O     O                 
DIG3<4>                       3     FB4_15  39   I/O     O                 
DIG3<6>                       3     FB4_16  40   I/O     O                 

Signals Used by Logic in Function Block
  1: FMin               7: mincount/counter<1>  12: mincount/counter<6> 
  2: N_PZ_300           8: mincount/counter<2>  13: minutesbcd<0> 
  3: N_PZ_313           9: mincount/counter<3>  14: minutesbcd<1> 
  4: N_PZ_315          10: mincount/counter<4>  15: minutesbcd<2> 
  5: N_PZ_317          11: mincount/counter<5>  16: minutesbcd<3> 
  6: N_PZ_405         

Signal                     1         2         3         4 FB      
Name             0----+----0----+----0----+----0----+----0 Inputs  
DIG2<3>           .XX.XX...XX....X........................ 7       
mincount/counter<2> 
                  X.....XXXXXXX........................... 8       
mincount/counter<5> 
                  X.....XXXXXXX........................... 8       
DIG2<4>           .XXXXX.XXXXX...X........................ 11      
DIG2<6>           .X.XX..XXXXX...X........................ 9       
DIG2<5>           .XXXXX..XXXX...X........................ 10      
DIG2<7>           ........................................ 0       
mincount/counter<4> 
                  X.....XXXXXXX........................... 8       
mincount/counter<3> 
                  X.....XXXXXXX........................... 8       
FHour             X.....XXXXXXX........................... 8       
DIG2<0>           .X.....XXXXX...X........................ 7       
DIG2<1>           .XXXX..X..XX...X........................ 8       
DIG3<2>           ............XXXX........................ 4       
DIG3<3>           ............XXXX........................ 4       
DIG3<4>           ............XXXX........................ 4       
DIG3<6>           ............XXXX........................ 4       
                 0----+----1----+----2----+----3----+----4
                           0         0         0         0
*********************************** FB5  ***********************************
This function block is part of I/O Bank number:               2
Number of function block inputs used/remaining:               20/20
Number of function block control terms used/remaining:        1/3
Number of PLA product terms used/remaining:                   34/22
Signal                        Total Loc     Pin  Pin     Pin   CTC CTR CTS CTE
Name                          Pt            No.  Type    Use   
N_PZ_405                      1     FB5_1   65   I/O     (b)               
N_PZ_313                      2     FB5_2   66   I/O     (b)               
N_PZ_317                      2     FB5_3   67   I/O     (b)               
hourcount/counter<2>          2     FB5_4        (b)     (b)    +          
mincount/counter<6>           2     FB5_5   68   I/O     (b)               
hourcount/counter<5>          2     FB5_6        (b)     (b)    +          
mincount/counter<1>           2     FB5_7   70   I/O     (b)               
hourcount/counter<6>          2     FB5_8        (b)     (b)    +          
hourcount/counter<3>          5     FB5_9        (b)     (b)    +          
hourcount/counter<4>          3     FB5_10       (b)     (b)    +          
minutesbcd<0>                 1     FB5_11  71   I/O     (b)               
N_PZ_312                      2     FB5_12  72   I/O     (b)               
N_PZ_364                      1     FB5_13  73   I/O     (b)               
N_PZ_354                      1     FB5_14  74   I/O     (b)               
N_PZ_316                      1     FB5_15  76   I/O     (b)               
hoursbcd<1>                   9     FB5_16       (b)     (b)               

Signals Used by Logic in Function Block
  1: FHour                  8: hourcount/counter<3>  15: mincount/counter<2> 
  2: FMin                   9: hourcount/counter<4>  16: mincount/counter<3> 
  3: N_PZ_312              10: hourcount/counter<5>  17: mincount/counter<4> 
  4: N_PZ_354              11: hourcount/counter<6>  18: mincount/counter<5> 
  5: N_PZ_364              12: hoursbcd<0>           19: mincount/counter<6> 
  6: hourcount/counter<1>  13: hoursbcd<3>           20: minutesbcd<0> 
  7: hourcount/counter<2>  14: mincount/counter<1>  

Signal                     1         2         3         4 FB      
Name             0----+----0----+----0----+----0----+----0 Inputs  
N_PZ_405          ..............X.X.X..................... 3       
N_PZ_313          ...............X.X...................... 2       
N_PZ_317          ..............XX.X...................... 3       
hourcount/counter<2> 
                  X....X.....X............................ 3       
mincount/counter<6> 
                  .X...........XXXXX.X.................... 7       
hourcount/counter<5> 
                  X....XXXX..X............................ 6       
mincount/counter<1> 
                  .X.................X.................... 2       
hourcount/counter<6> 
                  X....XXXXX.X............................ 7       
hourcount/counter<3> 
                  X....XXXXXXX............................ 8       
hourcount/counter<4> 
                  X....XXXXXXX............................ 8       
minutesbcd<0>     .X...................................... 1       
N_PZ_312          .......X.X.............................. 2       
N_PZ_364          ......X...X............................. 2       
N_PZ_354          ......X...X............................. 2       
N_PZ_316          .......X....X........................... 2       
hoursbcd<1>       ..XXXX.XXXX.X........................... 9       
                 0----+----1----+----2----+----3----+----4
                           0         0         0         0
*********************************** FB6  ***********************************
This function block is part of I/O Bank number:               1
Number of function block inputs used/remaining:               10/30
Number of function block control terms used/remaining:        1/3
Number of PLA product terms used/remaining:                   13/43
Signal                        Total Loc     Pin  Pin     Pin   CTC CTR CTS CTE
Name                          Pt            No.  Type    Use   
(unused)                      0     FB6_1   64   I/O           
(unused)                      0     FB6_2   63   I/O           
(unused)                      0     FB6_3   61   I/O           
(unused)                      0     FB6_4   60   I/O           
(unused)                      0     FB6_5   59   I/O           
(unused)                      0     FB6_6   58   I/O           
seccount/counter<1>           2     FB6_7        (b)     (b)    +          
seccount/counter<6>           2     FB6_8        (b)     (b)    +          
seccount/counter<5>           3     FB6_9        (b)     (b)    +          
seccount/counter<4>           3     FB6_10       (b)     (b)    +          
seccount/counter<3>           3     FB6_11       (b)     (b)    +          
(unused)                      0     FB6_12  56   I/O           
FMin                          2     FB6_13       (b)     (b)    +          
(unused)                      0     FB6_14  55   I/O           
seccount/counter<2>           4     FB6_15       (b)     (b)    +          
N_PZ_315                      2     FB6_16  54   I/O     (b)               

Signals Used by Logic in Function Block
  1: FSec                  5: seccount/counter<1>   8: seccount/counter<4> 
  2: mincount/counter<4>   6: seccount/counter<2>   9: seccount/counter<5> 
  3: mincount/counter<6>   7: seccount/counter<3>  10: seccount/counter<6> 
  4: seccount/counter<0> 

Signal                     1         2         3         4 FB      
Name             0----+----0----+----0----+----0----+----0 Inputs  
seccount/counter<1> 
                  X..X.................................... 2       
seccount/counter<6> 
                  X..XXXXXX............................... 7       
seccount/counter<5> 
                  X..XXXXXXX.............................. 8       
seccount/counter<4> 
                  X..XXXXXXX.............................. 8       
seccount/counter<3> 
                  X..XXXXXXX.............................. 8       
FMin              X..XXXXXXX.............................. 8       
seccount/counter<2> 
                  X..XXXXXXX.............................. 8       
N_PZ_315          .XX..................................... 2       
                 0----+----1----+----2----+----3----+----4
                           0         0         0         0
*********************************** FB7  ***********************************
This function block is part of I/O Bank number:               2
Number of function block inputs used/remaining:               0/40
Number of function block control terms used/remaining:        0/4
Number of PLA product terms used/remaining:                   0/56
Signal                        Total Loc     Pin  Pin     Pin   CTC CTR CTS CTE
Name                          Pt            No.  Type    Use   
(unused)                      0     FB7_1   77   I/O           
(unused)                      0     FB7_2   78   I/O           
(unused)                      0     FB7_3        (b)           
(unused)                      0     FB7_4   79   I/O           
(unused)                      0     FB7_5   80   I/O           
(unused)                      0     FB7_6   81   I/O           
(unused)                      0     FB7_7        (b)           
(unused)                      0     FB7_8        (b)           
(unused)                      0     FB7_9        (b)           
(unused)                      0     FB7_10       (b)           
(unused)                      0     FB7_11  82   I/O           
(unused)                      0     FB7_12       (b)           
(unused)                      0     FB7_13  85   I/O           
(unused)                      0     FB7_14  86   I/O           
(unused)                      0     FB7_15  87   I/O           
(unused)                      0     FB7_16  89   I/O           
*********************************** FB8  ***********************************
This function block is part of I/O Bank number:               1
Number of function block inputs used/remaining:               4/36
Number of function block control terms used/remaining:        0/4
Number of PLA product terms used/remaining:                   8/48
Signal                        Total Loc     Pin  Pin     Pin   CTC CTR CTS CTE
Name                          Pt            No.  Type    Use   
(unused)                      0     FB8_1        (b)           
(unused)                      0     FB8_2   53   I/O           
(unused)                      0     FB8_3   52   I/O           
(unused)                      0     FB8_4   50   I/O           
(unused)                      0     FB8_5        (b)           
(unused)                      0     FB8_6   49   I/O           
(unused)                      0     FB8_7        (b)           
(unused)                      0     FB8_8        (b)           
(unused)                      0     FB8_9        (b)           
(unused)                      0     FB8_10       (b)           
(unused)                      0     FB8_11       (b)           
(unused)                      0     FB8_12  46   I/O           
DIG3<1>                       3     FB8_13  44   I/O     O                 
DIG3<0>                       3     FB8_14  43   I/O     O                 
DIG3<7>                       0     FB8_15  42   I/O     O                 
DIG3<5>                       3     FB8_16  41   I/O     O                 

Signals Used by Logic in Function Block
  1: minutesbcd<0>      3: minutesbcd<2>      4: minutesbcd<3> 
  2: minutesbcd<1>    

Signal                     1         2         3         4 FB      
Name             0----+----0----+----0----+----0----+----0 Inputs  
DIG3<1>           XXXX.................................... 4       
DIG3<0>           XXXX.................................... 4       
DIG3<7>           ........................................ 0       
DIG3<5>           XXXX.................................... 4       
                 0----+----1----+----2----+----3----+----4
                           0         0         0         0
*******************************  Equations  ********************************

********** Mapped Logic **********


DIG0(0) <= NOT (((N_PZ_396)
	OR (hourcount/counter(3) AND NOT hourcount/counter(4) AND 
	NOT hourcount/counter(6) AND NOT hoursbcd(3))
	OR (hourcount/counter(2) AND hourcount/counter(3) AND 
	NOT hourcount/counter(4) AND hourcount/counter(5) AND NOT hoursbcd(3))));


DIG0(1) <= NOT (((hourcount/counter(4) AND hourcount/counter(5) AND 
	NOT hourcount/counter(6) AND NOT N_PZ_316)
	OR (NOT hourcount/counter(4) AND NOT hourcount/counter(5) AND 
	hourcount/counter(6) AND N_PZ_316)
	OR (NOT hourcount/counter(2) AND NOT hourcount/counter(3) AND 
	NOT hourcount/counter(4) AND NOT hourcount/counter(5) AND hourcount/counter(6))
	OR (NOT hourcount/counter(2) AND NOT hourcount/counter(4) AND 
	NOT hourcount/counter(5) AND hourcount/counter(6) AND hoursbcd(3))));


DIG0(2) <= NOT (((hourcount/counter(3) AND hourcount/counter(4) AND 
	hourcount/counter(5) AND hourcount/counter(6))
	OR (NOT hourcount/counter(4) AND hourcount/counter(5) AND 
	N_PZ_364 AND N_PZ_316)
	OR (hourcount/counter(2) AND NOT hourcount/counter(3) AND 
	hourcount/counter(4) AND NOT hourcount/counter(5) AND NOT hourcount/counter(6))
	OR (NOT hourcount/counter(2) AND hourcount/counter(3) AND 
	hourcount/counter(4) AND NOT hourcount/counter(5) AND NOT hourcount/counter(6))
	OR (hourcount/counter(3) AND hourcount/counter(4) AND 
	NOT hourcount/counter(5) AND NOT hourcount/counter(6) AND hoursbcd(3))));


DIG0(3) <= NOT (((N_PZ_396)
	OR (hourcount/counter(2) AND hourcount/counter(3) AND 
	NOT hourcount/counter(4) AND NOT hoursbcd(3))
	OR (hourcount/counter(3) AND NOT hourcount/counter(4) AND 
	NOT hourcount/counter(5) AND NOT hoursbcd(3))
	OR (NOT hourcount/counter(4) AND NOT hourcount/counter(5) AND 
	N_PZ_354 AND NOT N_PZ_316)));


DIG0(4) <= NOT (((N_PZ_396)
	OR (hourcount/counter(5) AND NOT N_PZ_312 AND N_PZ_319)
	OR (hourcount/counter(5) AND N_PZ_364 AND NOT N_PZ_316)
	OR (hourcount/counter(2) AND hourcount/counter(4) AND 
	hourcount/counter(5) AND NOT N_PZ_312)
	OR (hourcount/counter(3) AND NOT hourcount/counter(4) AND 
	NOT hoursbcd(3) AND NOT N_PZ_319)
	OR (hourcount/counter(3) AND NOT hoursbcd(3) AND NOT N_PZ_312 AND 
	NOT N_PZ_364)
	OR (NOT hourcount/counter(5) AND N_PZ_354 AND NOT N_PZ_319 AND 
	NOT N_PZ_316)));


DIG0(5) <= NOT (((hourcount/counter(4) AND NOT hourcount/counter(5) AND 
	NOT hourcount/counter(6))
	OR (hourcount/counter(2) AND hourcount/counter(4) AND 
	hourcount/counter(5) AND hourcount/counter(6))
	OR (hourcount/counter(3) AND NOT hourcount/counter(4) AND 
	NOT hourcount/counter(5) AND NOT hoursbcd(3))
	OR (hourcount/counter(3) AND hourcount/counter(5) AND 
	NOT hoursbcd(3) AND N_PZ_354)
	OR (NOT hourcount/counter(3) AND NOT hourcount/counter(4) AND 
	hourcount/counter(5) AND NOT hourcount/counter(6))
	OR (hourcount/counter(4) AND hourcount/counter(5) AND 
	hourcount/counter(6) AND NOT N_PZ_316)
	OR (NOT hourcount/counter(4) AND NOT hourcount/counter(5) AND 
	N_PZ_354 AND NOT N_PZ_316)));


DIG0(6) <= ((hourcount/counter(3) AND hourcount/counter(4))
	OR (hourcount/counter(5) AND NOT hourcount/counter(6))
	OR (NOT hourcount/counter(2) AND NOT hourcount/counter(3) AND 
	N_PZ_319)
	OR (hourcount/counter(4) AND N_PZ_312 AND NOT N_PZ_396)
	OR (N_PZ_312 AND N_PZ_354 AND N_PZ_316)
	OR (NOT hourcount/counter(2) AND NOT hourcount/counter(5) AND 
	hourcount/counter(6) AND hoursbcd(3)));


DIG0(7) <= '0';


DIG1(0) <= NOT ((hoursbcd(0) AND NOT hoursbcd(1))
	XOR ((hoursbcd(0) AND hoursbcd(3) AND NOT hoursbcd(2))
	OR (NOT hoursbcd(3) AND NOT hoursbcd(1) AND hoursbcd(2))));


DIG1(1) <= NOT ((NOT hoursbcd(0) AND hoursbcd(2))
	XOR ((hoursbcd(0) AND hoursbcd(3) AND hoursbcd(1))
	OR (NOT hoursbcd(3) AND NOT hoursbcd(1) AND hoursbcd(2))));


DIG1(2) <= NOT (((NOT hoursbcd(0) AND hoursbcd(3) AND hoursbcd(2))
	OR (hoursbcd(3) AND hoursbcd(1) AND hoursbcd(2))
	OR (NOT hoursbcd(0) AND NOT hoursbcd(3) AND hoursbcd(1) AND 
	NOT hoursbcd(2))));


DIG1(3) <= NOT (((hoursbcd(0) AND hoursbcd(1) AND hoursbcd(2))
	OR (hoursbcd(0) AND NOT hoursbcd(3) AND NOT hoursbcd(1) AND 
	NOT hoursbcd(2))
	OR (NOT hoursbcd(0) AND hoursbcd(3) AND hoursbcd(1) AND 
	NOT hoursbcd(2))
	OR (NOT hoursbcd(0) AND NOT hoursbcd(3) AND NOT hoursbcd(1) AND 
	hoursbcd(2))));


DIG1(4) <= NOT (((hoursbcd(0) AND NOT hoursbcd(3))
	OR (hoursbcd(0) AND NOT hoursbcd(1) AND NOT hoursbcd(2))
	OR (NOT hoursbcd(3) AND NOT hoursbcd(1) AND hoursbcd(2))));


DIG1(5) <= NOT ((hoursbcd(0) AND NOT hoursbcd(3))
	XOR ((hoursbcd(0) AND NOT hoursbcd(1) AND hoursbcd(2))
	OR (NOT hoursbcd(0) AND NOT hoursbcd(3) AND hoursbcd(1) AND 
	NOT hoursbcd(2))));


DIG1(6) <= NOT (((NOT hoursbcd(3) AND NOT hoursbcd(1) AND NOT hoursbcd(2))
	OR (hoursbcd(0) AND NOT hoursbcd(3) AND hoursbcd(1) AND 
	hoursbcd(2))
	OR (NOT hoursbcd(0) AND hoursbcd(3) AND NOT hoursbcd(1) AND 
	hoursbcd(2))));

FTCPE_DIG17: FTCPE port map (DIG1(7),'0',FSec,'0','0','1');


DIG2(0) <= NOT (((N_PZ_300)
	OR (mincount/counter(3) AND NOT mincount/counter(4) AND 
	NOT mincount/counter(6) AND NOT minutesbcd(3))
	OR (mincount/counter(2) AND mincount/counter(3) AND 
	NOT mincount/counter(4) AND mincount/counter(5) AND NOT minutesbcd(3))));


DIG2(1) <= NOT (((mincount/counter(5) AND NOT mincount/counter(6) AND 
	NOT N_PZ_315 AND NOT N_PZ_300)
	OR (NOT mincount/counter(2) AND NOT mincount/counter(5) AND 
	mincount/counter(6) AND N_PZ_313 AND NOT N_PZ_315)
	OR (NOT mincount/counter(5) AND mincount/counter(6) AND 
	minutesbcd(3) AND NOT N_PZ_315 AND NOT N_PZ_317)));


DIG2(2) <= NOT (((mincount/counter(5) AND mincount/counter(6) AND 
	N_PZ_313 AND N_PZ_315)
	OR (NOT mincount/counter(3) AND NOT mincount/counter(4) AND 
	minutesbcd(3) AND N_PZ_315 AND N_PZ_317)
	OR (mincount/counter(4) AND NOT mincount/counter(5) AND 
	NOT N_PZ_315 AND NOT N_PZ_317 AND NOT N_PZ_300)
	OR (mincount/counter(4) AND minutesbcd(3) AND NOT N_PZ_315 AND 
	N_PZ_317 AND NOT N_PZ_300)));


DIG2(3) <= NOT (((N_PZ_300)
	OR (N_PZ_405 AND N_PZ_317)
	OR (NOT minutesbcd(3) AND N_PZ_313 AND N_PZ_405)
	OR (NOT mincount/counter(4) AND NOT mincount/counter(5) AND 
	NOT minutesbcd(3) AND NOT N_PZ_313)));


DIG2(4) <= NOT (((N_PZ_300)
	OR (NOT minutesbcd(3) AND N_PZ_317)
	OR (mincount/counter(6) AND NOT N_PZ_315 AND N_PZ_317)
	OR (NOT minutesbcd(3) AND N_PZ_313 AND N_PZ_405)
	OR (mincount/counter(2) AND NOT mincount/counter(4) AND 
	mincount/counter(5) AND N_PZ_315)
	OR (NOT mincount/counter(2) AND mincount/counter(5) AND 
	NOT mincount/counter(6) AND N_PZ_313)
	OR (NOT mincount/counter(3) AND mincount/counter(4) AND 
	mincount/counter(5) AND NOT N_PZ_317)
	OR (NOT mincount/counter(4) AND NOT mincount/counter(5) AND 
	NOT minutesbcd(3) AND NOT N_PZ_313)
	OR (NOT mincount/counter(5) AND mincount/counter(6) AND 
	NOT minutesbcd(3) AND NOT N_PZ_313)));


DIG2(5) <= NOT (((mincount/counter(6) AND N_PZ_300)
	OR (N_PZ_405 AND N_PZ_317)
	OR (mincount/counter(4) AND NOT mincount/counter(5) AND 
	NOT N_PZ_315)
	OR (NOT minutesbcd(3) AND N_PZ_313 AND N_PZ_405)
	OR (mincount/counter(3) AND mincount/counter(6) AND 
	N_PZ_313 AND N_PZ_315)
	OR (NOT mincount/counter(4) AND mincount/counter(5) AND 
	NOT N_PZ_313 AND N_PZ_315)
	OR (NOT mincount/counter(4) AND NOT mincount/counter(5) AND 
	NOT minutesbcd(3) AND NOT N_PZ_313)));


DIG2(6) <= ((mincount/counter(3) AND mincount/counter(4))
	OR (mincount/counter(5) AND NOT mincount/counter(6))
	OR (mincount/counter(4) AND NOT mincount/counter(5) AND 
	NOT N_PZ_300)
	OR (NOT mincount/counter(2) AND NOT mincount/counter(3) AND 
	NOT mincount/counter(4) AND NOT N_PZ_315)
	OR (NOT mincount/counter(5) AND mincount/counter(6) AND 
	minutesbcd(3) AND NOT N_PZ_317));


DIG2(7) <= '0';


DIG3(0) <= NOT ((minutesbcd(0) AND NOT minutesbcd(1))
	XOR ((minutesbcd(0) AND minutesbcd(3) AND NOT minutesbcd(2))
	OR (NOT minutesbcd(3) AND NOT minutesbcd(1) AND minutesbcd(2))));


DIG3(1) <= NOT ((NOT minutesbcd(0) AND minutesbcd(2))
	XOR ((minutesbcd(0) AND minutesbcd(3) AND minutesbcd(1))
	OR (NOT minutesbcd(3) AND NOT minutesbcd(1) AND minutesbcd(2))));


DIG3(2) <= NOT (((NOT minutesbcd(0) AND minutesbcd(3) AND minutesbcd(2))
	OR (minutesbcd(3) AND minutesbcd(1) AND minutesbcd(2))
	OR (NOT minutesbcd(0) AND NOT minutesbcd(3) AND minutesbcd(1) AND 
	NOT minutesbcd(2))));


DIG3(3) <= NOT (((minutesbcd(0) AND minutesbcd(1) AND minutesbcd(2))
	OR (minutesbcd(0) AND NOT minutesbcd(3) AND NOT minutesbcd(1) AND 
	NOT minutesbcd(2))
	OR (NOT minutesbcd(0) AND minutesbcd(3) AND minutesbcd(1) AND 
	NOT minutesbcd(2))
	OR (NOT minutesbcd(0) AND NOT minutesbcd(3) AND NOT minutesbcd(1) AND 
	minutesbcd(2))));


DIG3(4) <= NOT (((minutesbcd(0) AND NOT minutesbcd(3))
	OR (minutesbcd(0) AND NOT minutesbcd(1) AND NOT minutesbcd(2))
	OR (NOT minutesbcd(3) AND NOT minutesbcd(1) AND minutesbcd(2))));


DIG3(5) <= NOT ((minutesbcd(0) AND NOT minutesbcd(3))
	XOR ((minutesbcd(0) AND NOT minutesbcd(1) AND minutesbcd(2))
	OR (NOT minutesbcd(0) AND NOT minutesbcd(3) AND minutesbcd(1) AND 
	NOT minutesbcd(2))));


DIG3(6) <= NOT (((NOT minutesbcd(3) AND NOT minutesbcd(1) AND NOT minutesbcd(2))
	OR (minutesbcd(0) AND NOT minutesbcd(3) AND minutesbcd(1) AND 
	minutesbcd(2))
	OR (NOT minutesbcd(0) AND minutesbcd(3) AND NOT minutesbcd(1) AND 
	minutesbcd(2))));


DIG3(7) <= '0';

FDCPE_FHour: FDCPE port map (FHour,FHour_D,FMin,'0','0','1');
FHour_D <= (minutesbcd(0) AND mincount/counter(1) AND 
	NOT mincount/counter(2) AND mincount/counter(3) AND mincount/counter(4) AND 
	mincount/counter(5) AND NOT mincount/counter(6));

FDCPE_FMin: FDCPE port map (FMin,FMin_D,FSec,'0','0','1');
FMin_D <= (seccount/counter(0) AND seccount/counter(1) AND 
	NOT seccount/counter(2) AND seccount/counter(3) AND seccount/counter(4) AND 
	seccount/counter(5) AND NOT seccount/counter(6));

FTCPE_FSec: FTCPE port map (FSec,FSec_T,MainClk,'0','0','1');
FSec_T <= (dzielnik/FDivCnt(0) AND dzielnik/FDivCnt(10) AND 
	dzielnik/FDivCnt(1) AND dzielnik/FDivCnt(2) AND dzielnik/FDivCnt(3) AND 
	dzielnik/FDivCnt(4) AND dzielnik/FDivCnt(5) AND dzielnik/FDivCnt(6) AND 
	dzielnik/FDivCnt(7) AND dzielnik/FDivCnt(8) AND dzielnik/FDivCnt(9) AND 
	dzielnik/FDivCnt(11) AND dzielnik/FDivCnt(12) AND dzielnik/FDivCnt(13));


N_PZ_300 <= ((mincount/counter(3) AND NOT mincount/counter(4) AND 
	mincount/counter(5) AND NOT mincount/counter(6))
	OR (mincount/counter(2) AND NOT mincount/counter(3) AND 
	mincount/counter(4) AND mincount/counter(5) AND mincount/counter(6))
	OR (NOT mincount/counter(2) AND NOT mincount/counter(3) AND 
	mincount/counter(4) AND NOT mincount/counter(5) AND NOT mincount/counter(6))
	OR (NOT mincount/counter(3) AND mincount/counter(4) AND 
	mincount/counter(5) AND mincount/counter(6) AND NOT minutesbcd(3))
	OR (NOT mincount/counter(3) AND mincount/counter(4) AND 
	mincount/counter(5) AND NOT mincount/counter(6) AND minutesbcd(3)));


N_PZ_312 <= ((hourcount/counter(3) AND hourcount/counter(5))
	OR (NOT hourcount/counter(3) AND NOT hourcount/counter(5)));


N_PZ_313 <= ((mincount/counter(3) AND mincount/counter(5))
	OR (NOT mincount/counter(3) AND NOT mincount/counter(5)));


N_PZ_315 <= ((mincount/counter(4) AND mincount/counter(6))
	OR (NOT mincount/counter(4) AND NOT mincount/counter(6)));


N_PZ_316 <= (NOT hourcount/counter(3) AND hoursbcd(3));


N_PZ_317 <= ((mincount/counter(2) AND mincount/counter(3) AND 
	NOT mincount/counter(5))
	OR (NOT mincount/counter(2) AND NOT mincount/counter(3) AND 
	mincount/counter(5)));


N_PZ_319 <= ((hourcount/counter(2) AND hourcount/counter(4) AND 
	hourcount/counter(6))
	OR (NOT hourcount/counter(4) AND NOT N_PZ_354 AND NOT N_PZ_364));


N_PZ_354 <= (hourcount/counter(2) AND hourcount/counter(6));


N_PZ_364 <= (NOT hourcount/counter(2) AND NOT hourcount/counter(6));


N_PZ_396 <= ((hourcount/counter(3) AND NOT hourcount/counter(4) AND 
	hourcount/counter(5) AND NOT hourcount/counter(6))
	OR (hourcount/counter(4) AND hourcount/counter(5) AND 
	NOT hourcount/counter(6) AND N_PZ_316)
	OR (hourcount/counter(2) AND NOT hourcount/counter(3) AND 
	hourcount/counter(4) AND hourcount/counter(5) AND hourcount/counter(6))
	OR (NOT hourcount/counter(2) AND NOT hourcount/counter(3) AND 
	hourcount/counter(4) AND NOT hourcount/counter(5) AND NOT hourcount/counter(6))
	OR (NOT hourcount/counter(3) AND hourcount/counter(4) AND 
	hourcount/counter(5) AND hourcount/counter(6) AND NOT hoursbcd(3)));


N_PZ_405 <= (mincount/counter(2) AND NOT mincount/counter(4) AND 
	mincount/counter(6));

FTCPE_dzielnik/FDivCnt0: FTCPE port map (dzielnik/FDivCnt(0),'0',MainClk,'0','0','1');

FTCPE_dzielnik/FDivCnt1: FTCPE port map (dzielnik/FDivCnt(1),dzielnik/FDivCnt(0),MainClk,'0','0','1');

FTCPE_dzielnik/FDivCnt2: FTCPE port map (dzielnik/FDivCnt(2),dzielnik/FDivCnt_T(2),MainClk,'0','0','1');
dzielnik/FDivCnt_T(2) <= (dzielnik/FDivCnt(0) AND dzielnik/FDivCnt(1));

FTCPE_dzielnik/FDivCnt3: FTCPE port map (dzielnik/FDivCnt(3),dzielnik/FDivCnt_T(3),MainClk,'0','0','1');
dzielnik/FDivCnt_T(3) <= (dzielnik/FDivCnt(0) AND dzielnik/FDivCnt(1) AND 
	dzielnik/FDivCnt(2));

FTCPE_dzielnik/FDivCnt4: FTCPE port map (dzielnik/FDivCnt(4),dzielnik/FDivCnt_T(4),MainClk,'0','0','1');
dzielnik/FDivCnt_T(4) <= (dzielnik/FDivCnt(0) AND dzielnik/FDivCnt(1) AND 
	dzielnik/FDivCnt(2) AND dzielnik/FDivCnt(3));

FTCPE_dzielnik/FDivCnt5: FTCPE port map (dzielnik/FDivCnt(5),dzielnik/FDivCnt_T(5),MainClk,'0','0','1');
dzielnik/FDivCnt_T(5) <= (dzielnik/FDivCnt(0) AND dzielnik/FDivCnt(1) AND 
	dzielnik/FDivCnt(2) AND dzielnik/FDivCnt(3) AND dzielnik/FDivCnt(4));

FTCPE_dzielnik/FDivCnt6: FTCPE port map (dzielnik/FDivCnt(6),dzielnik/FDivCnt_T(6),MainClk,'0','0','1');
dzielnik/FDivCnt_T(6) <= (dzielnik/FDivCnt(0) AND dzielnik/FDivCnt(1) AND 
	dzielnik/FDivCnt(2) AND dzielnik/FDivCnt(3) AND dzielnik/FDivCnt(4) AND 
	dzielnik/FDivCnt(5));

FTCPE_dzielnik/FDivCnt7: FTCPE port map (dzielnik/FDivCnt(7),dzielnik/FDivCnt_T(7),MainClk,'0','0','1');
dzielnik/FDivCnt_T(7) <= (dzielnik/FDivCnt(0) AND dzielnik/FDivCnt(1) AND 
	dzielnik/FDivCnt(2) AND dzielnik/FDivCnt(3) AND dzielnik/FDivCnt(4) AND 
	dzielnik/FDivCnt(5) AND dzielnik/FDivCnt(6));

FTCPE_dzielnik/FDivCnt8: FTCPE port map (dzielnik/FDivCnt(8),dzielnik/FDivCnt_T(8),MainClk,'0','0','1');
dzielnik/FDivCnt_T(8) <= (dzielnik/FDivCnt(0) AND dzielnik/FDivCnt(1) AND 
	dzielnik/FDivCnt(2) AND dzielnik/FDivCnt(3) AND dzielnik/FDivCnt(4) AND 
	dzielnik/FDivCnt(5) AND dzielnik/FDivCnt(6) AND dzielnik/FDivCnt(7));

FTCPE_dzielnik/FDivCnt9: FTCPE port map (dzielnik/FDivCnt(9),dzielnik/FDivCnt_T(9),MainClk,'0','0','1');
dzielnik/FDivCnt_T(9) <= (dzielnik/FDivCnt(0) AND dzielnik/FDivCnt(1) AND 
	dzielnik/FDivCnt(2) AND dzielnik/FDivCnt(3) AND dzielnik/FDivCnt(4) AND 
	dzielnik/FDivCnt(5) AND dzielnik/FDivCnt(6) AND dzielnik/FDivCnt(7) AND 
	dzielnik/FDivCnt(8));

FTCPE_dzielnik/FDivCnt10: FTCPE port map (dzielnik/FDivCnt(10),dzielnik/FDivCnt_T(10),MainClk,'0','0','1');
dzielnik/FDivCnt_T(10) <= (dzielnik/FDivCnt(0) AND dzielnik/FDivCnt(1) AND 
	dzielnik/FDivCnt(2) AND dzielnik/FDivCnt(3) AND dzielnik/FDivCnt(4) AND 
	dzielnik/FDivCnt(5) AND dzielnik/FDivCnt(6) AND dzielnik/FDivCnt(7) AND 
	dzielnik/FDivCnt(8) AND dzielnik/FDivCnt(9));

FTCPE_dzielnik/FDivCnt11: FTCPE port map (dzielnik/FDivCnt(11),dzielnik/FDivCnt_T(11),MainClk,'0','0','1');
dzielnik/FDivCnt_T(11) <= (dzielnik/FDivCnt(0) AND dzielnik/FDivCnt(10) AND 
	dzielnik/FDivCnt(1) AND dzielnik/FDivCnt(2) AND dzielnik/FDivCnt(3) AND 
	dzielnik/FDivCnt(4) AND dzielnik/FDivCnt(5) AND dzielnik/FDivCnt(6) AND 
	dzielnik/FDivCnt(7) AND dzielnik/FDivCnt(8) AND dzielnik/FDivCnt(9));

FTCPE_dzielnik/FDivCnt12: FTCPE port map (dzielnik/FDivCnt(12),dzielnik/FDivCnt_T(12),MainClk,'0','0','1');
dzielnik/FDivCnt_T(12) <= (dzielnik/FDivCnt(0) AND dzielnik/FDivCnt(10) AND 
	dzielnik/FDivCnt(1) AND dzielnik/FDivCnt(2) AND dzielnik/FDivCnt(3) AND 
	dzielnik/FDivCnt(4) AND dzielnik/FDivCnt(5) AND dzielnik/FDivCnt(6) AND 
	dzielnik/FDivCnt(7) AND dzielnik/FDivCnt(8) AND dzielnik/FDivCnt(9) AND 
	dzielnik/FDivCnt(11));

FTCPE_dzielnik/FDivCnt13: FTCPE port map (dzielnik/FDivCnt(13),dzielnik/FDivCnt_T(13),MainClk,'0','0','1');
dzielnik/FDivCnt_T(13) <= (dzielnik/FDivCnt(0) AND dzielnik/FDivCnt(10) AND 
	dzielnik/FDivCnt(1) AND dzielnik/FDivCnt(2) AND dzielnik/FDivCnt(3) AND 
	dzielnik/FDivCnt(4) AND dzielnik/FDivCnt(5) AND dzielnik/FDivCnt(6) AND 
	dzielnik/FDivCnt(7) AND dzielnik/FDivCnt(8) AND dzielnik/FDivCnt(9) AND 
	dzielnik/FDivCnt(11) AND dzielnik/FDivCnt(12));

FTCPE_hourcount/counter1: FTCPE port map (hourcount/counter(1),hoursbcd(0),FHour,'0','0','1');

FTCPE_hourcount/counter2: FTCPE port map (hourcount/counter(2),hourcount/counter_T(2),FHour,'0','0','1');
hourcount/counter_T(2) <= (hoursbcd(0) AND hourcount/counter(1));

FTCPE_hourcount/counter3: FTCPE port map (hourcount/counter(3),hourcount/counter_T(3),FHour,'0','0','1');
hourcount/counter_T(3) <= NOT (((NOT hourcount/counter(2))
	OR (NOT hoursbcd(0))
	OR (NOT hourcount/counter(1))
	OR (NOT hourcount/counter(3) AND hourcount/counter(4) AND 
	NOT hourcount/counter(5) AND NOT hourcount/counter(6))));

FTCPE_hourcount/counter4: FTCPE port map (hourcount/counter(4),hourcount/counter_T(4),FHour,'0','0','1');
hourcount/counter_T(4) <= ((hourcount/counter(2) AND hoursbcd(0) AND 
	hourcount/counter(1) AND hourcount/counter(3))
	OR (hourcount/counter(2) AND hoursbcd(0) AND 
	hourcount/counter(1) AND hourcount/counter(4) AND NOT hourcount/counter(5) AND 
	NOT hourcount/counter(6)));

FTCPE_hourcount/counter5: FTCPE port map (hourcount/counter(5),hourcount/counter_T(5),FHour,'0','0','1');
hourcount/counter_T(5) <= (hourcount/counter(2) AND hoursbcd(0) AND 
	hourcount/counter(1) AND hourcount/counter(3) AND hourcount/counter(4));

FTCPE_hourcount/counter6: FTCPE port map (hourcount/counter(6),hourcount/counter_T(6),FHour,'0','0','1');
hourcount/counter_T(6) <= (hourcount/counter(2) AND hoursbcd(0) AND 
	hourcount/counter(1) AND hourcount/counter(3) AND hourcount/counter(4) AND 
	hourcount/counter(5));

FTCPE_hoursbcd0: FTCPE port map (hoursbcd(0),'0',FHour,'0','0','1');


hoursbcd(1) <= ((hourcount/counter(1) AND hourcount/counter(4) AND 
	N_PZ_312 AND NOT N_PZ_364)
	OR (hourcount/counter(1) AND NOT hourcount/counter(4) AND 
	N_PZ_312 AND NOT N_PZ_354)
	OR (hourcount/counter(4) AND NOT hoursbcd(3) AND N_PZ_312 AND 
	N_PZ_364)
	OR (hourcount/counter(1) AND hourcount/counter(4) AND 
	NOT hourcount/counter(5) AND NOT hoursbcd(3) AND N_PZ_364)
	OR (NOT hourcount/counter(1) AND hourcount/counter(3) AND 
	NOT hourcount/counter(4) AND NOT hoursbcd(3) AND NOT N_PZ_312)
	OR (NOT hourcount/counter(1) AND hourcount/counter(3) AND 
	hourcount/counter(6) AND NOT hoursbcd(3) AND NOT N_PZ_312)
	OR (NOT hourcount/counter(1) AND NOT hourcount/counter(3) AND 
	hourcount/counter(4) AND hourcount/counter(5) AND NOT N_PZ_364)
	OR (NOT hourcount/counter(1) AND NOT hourcount/counter(3) AND 
	NOT hourcount/counter(4) AND hourcount/counter(5) AND NOT N_PZ_354)
	OR (hourcount/counter(1) AND NOT hourcount/counter(4) AND 
	hourcount/counter(5) AND hourcount/counter(6) AND NOT hoursbcd(3) AND NOT N_PZ_312));


hoursbcd(2) <= ((hourcount/counter(1) AND NOT hoursbcd(3) AND N_PZ_319)
	OR (NOT hourcount/counter(1) AND hourcount/counter(5) AND 
	N_PZ_319)
	OR (NOT hourcount/counter(1) AND N_PZ_319 AND NOT hoursbcd(1))
	OR (hourcount/counter(1) AND NOT hourcount/counter(5) AND 
	NOT N_PZ_312 AND hoursbcd(1))
	OR (hourcount/counter(4) AND NOT hoursbcd(3) AND N_PZ_312 AND 
	N_PZ_364)
	OR (NOT hourcount/counter(1) AND hourcount/counter(4) AND 
	NOT hoursbcd(3) AND NOT N_PZ_312 AND NOT hoursbcd(1))
	OR (NOT hourcount/counter(1) AND NOT hourcount/counter(6) AND 
	NOT hoursbcd(3) AND NOT N_PZ_312 AND NOT hoursbcd(1))
	OR (hourcount/counter(3) AND NOT hourcount/counter(4) AND 
	NOT hoursbcd(3) AND NOT N_PZ_312 AND N_PZ_354)
	OR (hourcount/counter(1) AND NOT hourcount/counter(4) AND 
	hourcount/counter(5) AND NOT hourcount/counter(6) AND NOT hoursbcd(3) AND NOT N_PZ_312)
	OR (hourcount/counter(1) AND hourcount/counter(5) AND 
	NOT hoursbcd(3) AND NOT N_PZ_312 AND NOT N_PZ_364 AND NOT hoursbcd(1)));


hoursbcd(3) <= ((hourcount/counter(1) AND NOT hourcount/counter(3) AND 
	hourcount/counter(5) AND N_PZ_319)
	OR (NOT hourcount/counter(1) AND NOT hourcount/counter(4) AND 
	N_PZ_312 AND N_PZ_354)
	OR (NOT hourcount/counter(2) AND hourcount/counter(1) AND 
	hourcount/counter(4) AND NOT hourcount/counter(6) AND N_PZ_312)
	OR (hourcount/counter(1) AND hourcount/counter(3) AND 
	NOT hourcount/counter(4) AND NOT hourcount/counter(5) AND N_PZ_354)
	OR (NOT hourcount/counter(1) AND hourcount/counter(3) AND 
	NOT hourcount/counter(4) AND NOT hourcount/counter(5) AND N_PZ_364)
	OR (NOT hourcount/counter(2) AND NOT hourcount/counter(1) AND 
	NOT hourcount/counter(3) AND hourcount/counter(4) AND hourcount/counter(5) AND 
	NOT hourcount/counter(6))
	OR (NOT hourcount/counter(1) AND hourcount/counter(3) AND 
	hourcount/counter(4) AND NOT hourcount/counter(5) AND NOT N_PZ_354 AND NOT N_PZ_364));

FTCPE_mincount/counter1: FTCPE port map (mincount/counter(1),minutesbcd(0),FMin,'0','0','1');

FTCPE_mincount/counter2: FTCPE port map (mincount/counter(2),mincount/counter_T(2),FMin,'0','0','1');
mincount/counter_T(2) <= NOT (((NOT minutesbcd(0))
	OR (NOT mincount/counter(1))
	OR (NOT mincount/counter(2) AND mincount/counter(3) AND 
	mincount/counter(4) AND mincount/counter(5) AND NOT mincount/counter(6))));

FTCPE_mincount/counter3: FTCPE port map (mincount/counter(3),mincount/counter_T(3),FMin,'0','0','1');
mincount/counter_T(3) <= ((minutesbcd(0) AND mincount/counter(1) AND 
	mincount/counter(2))
	OR (minutesbcd(0) AND mincount/counter(1) AND 
	mincount/counter(3) AND mincount/counter(4) AND mincount/counter(5) AND 
	NOT mincount/counter(6)));

FTCPE_mincount/counter4: FTCPE port map (mincount/counter(4),mincount/counter_T(4),FMin,'0','0','1');
mincount/counter_T(4) <= ((minutesbcd(0) AND mincount/counter(1) AND 
	mincount/counter(2) AND mincount/counter(3))
	OR (minutesbcd(0) AND mincount/counter(1) AND 
	mincount/counter(3) AND mincount/counter(4) AND mincount/counter(5) AND 
	NOT mincount/counter(6)));

FTCPE_mincount/counter5: FTCPE port map (mincount/counter(5),mincount/counter_T(5),FMin,'0','0','1');
mincount/counter_T(5) <= ((minutesbcd(0) AND mincount/counter(1) AND 
	mincount/counter(2) AND mincount/counter(3) AND mincount/counter(4))
	OR (minutesbcd(0) AND mincount/counter(1) AND 
	mincount/counter(3) AND mincount/counter(4) AND mincount/counter(5) AND 
	NOT mincount/counter(6)));

FTCPE_mincount/counter6: FTCPE port map (mincount/counter(6),mincount/counter_T(6),FMin,'0','0','1');
mincount/counter_T(6) <= (minutesbcd(0) AND mincount/counter(1) AND 
	mincount/counter(2) AND mincount/counter(3) AND mincount/counter(4) AND 
	mincount/counter(5));

FTCPE_minutesbcd0: FTCPE port map (minutesbcd(0),'0',FMin,'0','0','1');


minutesbcd(1) <= ((mincount/counter(1) AND mincount/counter(2) AND 
	N_PZ_313 AND NOT N_PZ_405)
	OR (mincount/counter(1) AND NOT mincount/counter(4) AND 
	N_PZ_313 AND NOT N_PZ_405)
	OR (mincount/counter(1) AND mincount/counter(6) AND 
	N_PZ_313 AND NOT N_PZ_405)
	OR (NOT mincount/counter(1) AND mincount/counter(2) AND 
	mincount/counter(3) AND NOT mincount/counter(5) AND NOT minutesbcd(3))
	OR (NOT mincount/counter(1) AND mincount/counter(2) AND 
	NOT mincount/counter(3) AND mincount/counter(5) AND NOT N_PZ_405)
	OR (NOT mincount/counter(1) AND mincount/counter(3) AND 
	NOT mincount/counter(5) AND mincount/counter(6) AND NOT minutesbcd(3))
	OR (NOT mincount/counter(1) AND NOT mincount/counter(3) AND 
	NOT mincount/counter(4) AND mincount/counter(5) AND NOT N_PZ_405)
	OR (NOT mincount/counter(1) AND NOT mincount/counter(3) AND 
	mincount/counter(5) AND mincount/counter(6) AND NOT N_PZ_405)
	OR (NOT mincount/counter(2) AND mincount/counter(4) AND 
	NOT mincount/counter(6) AND NOT minutesbcd(3) AND N_PZ_313)
	OR (mincount/counter(1) AND NOT mincount/counter(2) AND 
	mincount/counter(4) AND NOT mincount/counter(5) AND NOT mincount/counter(6) AND 
	NOT minutesbcd(3))
	OR (mincount/counter(1) AND NOT mincount/counter(3) AND 
	NOT mincount/counter(4) AND mincount/counter(5) AND mincount/counter(6) AND 
	NOT minutesbcd(3)));


minutesbcd(2) <= ((NOT minutesbcd(3) AND N_PZ_405 AND N_PZ_317)
	OR (mincount/counter(1) AND mincount/counter(2) AND 
	NOT minutesbcd(3) AND N_PZ_315)
	OR (mincount/counter(1) AND NOT minutesbcd(3) AND N_PZ_315 AND 
	N_PZ_317)
	OR (NOT mincount/counter(1) AND mincount/counter(2) AND 
	N_PZ_315 AND NOT minutesbcd(1))
	OR (mincount/counter(1) AND NOT mincount/counter(2) AND 
	NOT mincount/counter(4) AND mincount/counter(6) AND NOT minutesbcd(3))
	OR (NOT mincount/counter(1) AND mincount/counter(2) AND 
	NOT mincount/counter(3) AND NOT N_PZ_313 AND N_PZ_315)
	OR (NOT mincount/counter(1) AND NOT mincount/counter(2) AND 
	NOT mincount/counter(4) AND mincount/counter(6) AND NOT minutesbcd(1))
	OR (NOT mincount/counter(2) AND mincount/counter(4) AND 
	NOT mincount/counter(6) AND NOT minutesbcd(3) AND N_PZ_313)
	OR (mincount/counter(1) AND mincount/counter(4) AND 
	NOT mincount/counter(6) AND NOT minutesbcd(3) AND NOT N_PZ_313 AND NOT N_PZ_317)
	OR (NOT mincount/counter(1) AND NOT mincount/counter(2) AND 
	NOT mincount/counter(3) AND NOT mincount/counter(4) AND mincount/counter(6) AND 
	NOT N_PZ_313)
	OR (NOT mincount/counter(1) AND mincount/counter(5) AND 
	NOT minutesbcd(3) AND NOT N_PZ_313 AND NOT N_PZ_405 AND NOT minutesbcd(1))
	OR (NOT mincount/counter(2) AND mincount/counter(4) AND 
	NOT mincount/counter(6) AND NOT minutesbcd(3) AND NOT N_PZ_317 AND NOT minutesbcd(1)));


minutesbcd(3) <= ((NOT mincount/counter(1) AND N_PZ_313 AND N_PZ_405)
	OR (mincount/counter(1) AND NOT mincount/counter(4) AND 
	mincount/counter(6) AND N_PZ_317)
	OR (NOT mincount/counter(1) AND mincount/counter(4) AND 
	NOT mincount/counter(6) AND N_PZ_317)
	OR (mincount/counter(1) AND mincount/counter(2) AND 
	NOT mincount/counter(3) AND mincount/counter(5) AND N_PZ_315)
	OR (mincount/counter(1) AND NOT mincount/counter(2) AND 
	mincount/counter(4) AND NOT mincount/counter(6) AND N_PZ_313)
	OR (NOT mincount/counter(1) AND NOT mincount/counter(2) AND 
	mincount/counter(3) AND NOT mincount/counter(5) AND N_PZ_315));

FTCPE_seccount/counter0: FTCPE port map (seccount/counter(0),'0',FSec,'0','0','1');

FTCPE_seccount/counter1: FTCPE port map (seccount/counter(1),seccount/counter(0),FSec,'0','0','1');

FTCPE_seccount/counter2: FTCPE port map (seccount/counter(2),seccount/counter_T(2),FSec,'0','0','1');
seccount/counter_T(2) <= NOT (((NOT seccount/counter(0))
	OR (NOT seccount/counter(1))
	OR (NOT seccount/counter(2) AND seccount/counter(3) AND 
	seccount/counter(4) AND seccount/counter(5) AND NOT seccount/counter(6))));

FTCPE_seccount/counter3: FTCPE port map (seccount/counter(3),seccount/counter_T(3),FSec,'0','0','1');
seccount/counter_T(3) <= ((seccount/counter(0) AND seccount/counter(1) AND 
	seccount/counter(2))
	OR (seccount/counter(0) AND seccount/counter(1) AND 
	seccount/counter(3) AND seccount/counter(4) AND seccount/counter(5) AND 
	NOT seccount/counter(6)));

FTCPE_seccount/counter4: FTCPE port map (seccount/counter(4),seccount/counter_T(4),FSec,'0','0','1');
seccount/counter_T(4) <= ((seccount/counter(0) AND seccount/counter(1) AND 
	seccount/counter(2) AND seccount/counter(3))
	OR (seccount/counter(0) AND seccount/counter(1) AND 
	seccount/counter(3) AND seccount/counter(4) AND seccount/counter(5) AND 
	NOT seccount/counter(6)));

FTCPE_seccount/counter5: FTCPE port map (seccount/counter(5),seccount/counter_T(5),FSec,'0','0','1');
seccount/counter_T(5) <= ((seccount/counter(0) AND seccount/counter(1) AND 
	seccount/counter(2) AND seccount/counter(3) AND seccount/counter(4))
	OR (seccount/counter(0) AND seccount/counter(1) AND 
	seccount/counter(3) AND seccount/counter(4) AND seccount/counter(5) AND 
	NOT seccount/counter(6)));

FTCPE_seccount/counter6: FTCPE port map (seccount/counter(6),seccount/counter_T(6),FSec,'0','0','1');
seccount/counter_T(6) <= (seccount/counter(0) AND seccount/counter(1) AND 
	seccount/counter(2) AND seccount/counter(3) AND seccount/counter(4) AND 
	seccount/counter(5));


Register Legend:
 FDCPE (Q,D,C,CLR,PRE,CE); 
 FDDCPE (Q,D,C,CLR,PRE,CE); 
 FTCPE (Q,D,C,CLR,PRE,CE); 
 FTDCPE (Q,D,C,CLR,PRE,CE); 
 LDCP  (Q,D,G,CLR,PRE); 

******************************  Device Pin Out *****************************

Device : XC2C128-6-VQ100


   --------------------------------------------------  
  /100 98  96  94  92  90  88  86  84  82  80  78  76  \
 |   99  97  95  93  91  89  87  85  83  81  79  77    |
 | 1                                               75  | 
 | 2                                               74  | 
 | 3                                               73  | 
 | 4                                               72  | 
 | 5                                               71  | 
 | 6                                               70  | 
 | 7                                               69  | 
 | 8                                               68  | 
 | 9                                               67  | 
 | 10                                              66  | 
 | 11                                              65  | 
 | 12                                              64  | 
 | 13                XC2C128-6-VQ100               63  | 
 | 14                                              62  | 
 | 15                                              61  | 
 | 16                                              60  | 
 | 17                                              59  | 
 | 18                                              58  | 
 | 19                                              57  | 
 | 20                                              56  | 
 | 21                                              55  | 
 | 22                                              54  | 
 | 23                                              53  | 
 | 24                                              52  | 
 | 25                                              51  | 
 |   27  29  31  33  35  37  39  41  43  45  47  49    |
  \26  28  30  32  34  36  38  40  42  44  46  48  50  /
   --------------------------------------------------  


Pin Signal                         Pin Signal                        
No. Name                           No. Name                          
  1 KPR                              51 VCCIO-1.8                     
  2 KPR                              52 KPR                           
  3 KPR                              53 KPR                           
  4 KPR                              54 KPR                           
  5 VCCAUX                           55 KPR                           
  6 DIG0<2>                          56 KPR                           
  7 DIG0<3>                          57 VCC                           
  8 DIG0<4>                          58 KPR                           
  9 DIG0<6>                          59 KPR                           
 10 DIG0<5>                          60 KPR                           
 11 DIG0<7>                          61 KPR                           
 12 DIG0<0>                          62 GND                           
 13 DIG0<1>                          63 KPR                           
 14 DIG1<2>                          64 KPR                           
 15 DIG1<3>                          65 KPR                           
 16 DIG1<4>                          66 KPR                           
 17 DIG1<6>                          67 KPR                           
 18 DIG1<5>                          68 KPR                           
 19 DIG1<7>                          69 GND                           
 20 VCCIO-1.8                        70 KPR                           
 21 GND                              71 KPR                           
 22 DIG1<0>                          72 KPR                           
 23 MainClk                          73 KPR                           
 24 DIG1<1>                          74 KPR                           
 25 GND                              75 GND                           
 26 VCC                              76 KPR                           
 27 DIG2<2>                          77 KPR                           
 28 DIG2<3>                          78 KPR                           
 29 DIG2<4>                          79 KPR                           
 30 DIG2<6>                          80 KPR                           
 31 GND                              81 KPR                           
 32 DIG2<5>                          82 KPR                           
 33 DIG2<7>                          83 TDO                           
 34 DIG2<0>                          84 GND                           
 35 DIG2<1>                          85 KPR                           
 36 DIG3<2>                          86 KPR                           
 37 DIG3<3>                          87 KPR                           
 38 VCCIO-1.8                        88 VCCIO-1.8                     
 39 DIG3<4>                          89 KPR                           
 40 DIG3<6>                          90 KPR                           
 41 DIG3<5>                          91 KPR                           
 42 DIG3<7>                          92 KPR                           
 43 DIG3<0>                          93 KPR                           
 44 DIG3<1>                          94 KPR                           
 45 TDI                              95 KPR                           
 46 KPR                              96 KPR                           
 47 TMS                              97 KPR                           
 48 TCK                              98 VCCIO-1.8                     
 49 KPR                              99 KPR                           
 50 KPR                             100 GND                           


Legend :  NC  = Not Connected, unbonded pin
        PGND  = Unused I/O configured as additional Ground pin
         KPR  = Unused I/O with weak keeper (leave unconnected)
         WPU  = Unused I/O with weak pull up (leave unconnected)
         TIE  = Unused I/O floating -- must tie to VCC, GND or other signal
         VCC  = Dedicated Power Pin
      VCCAUX  = Power supply for JTAG pins
   VCCIO-3.3  = I/O supply voltage for LVTTL, LVCMOS33, SSTL3_I
   VCCIO-2.5  = I/O supply voltage for LVCMOS25, SSTL2_I
   VCCIO-1.8  = I/O supply voltage for LVCMOS18
   VCCIO-1.5  = I/O supply voltage for LVCMOS15, HSTL_I
        VREF  = Reference voltage for indicated input standard
       *VREF  = Reference voltage pin selected by software
         GND  = Dedicated Ground Pin
         TDI  = Test Data In, JTAG pin
         TDO  = Test Data Out, JTAG pin
         TCK  = Test Clock, JTAG pin
         TMS  = Test Mode Select, JTAG pin
  PROHIBITED  = User reserved pin
****************************  Compiler Options  ****************************

Following is a list of all global compiler options used by the fitter run.

Device(s) Specified                         : xc2c128-6-VQ100
Optimization Method                         : DENSITY
Multi-Level Logic Optimization              : ON
Ignore Timing Specifications                : OFF
Default Register Power Up Value             : LOW
Keep User Location Constraints              : ON
What-You-See-Is-What-You-Get                : OFF
Exhaustive Fitting                          : OFF
Keep Unused Inputs                          : OFF
Slew Rate                                   : FAST
Set Unused I/O Pin Termination              : KEEPER
Global Clock Optimization                   : ON
Global Set/Reset Optimization               : ON
Global Ouput Enable Optimization            : ON
Enable Input Registers                      : ON
Function Block Fan-in Limit                 : 38
Use DATA_GATE Attribute                     : ON
Set Tristate Outputs to Termination Mode    : KEEPER
Default Voltage Standard for All Outputs    : LVCMOS18
Input Limit                                 : 32
Pterm Limit                                 : 28
