Release 14.7 - xst P.20131013 (lin64)
Copyright (c) 1995-2013 Xilinx, Inc.  All rights reserved.
--> 
Parameter TMPDIR set to xst/projnav.tmp


Total REAL time to Xst completion: 0.00 secs
Total CPU time to Xst completion: 0.03 secs
 
--> 
Parameter xsthdpdir set to xst


Total REAL time to Xst completion: 0.00 secs
Total CPU time to Xst completion: 0.03 secs
 
--> 
Reading design: clock.prj

TABLE OF CONTENTS
  1) Synthesis Options Summary
  2) HDL Compilation
  3) Design Hierarchy Analysis
  4) HDL Analysis
  5) HDL Synthesis
     5.1) HDL Synthesis Report
  6) Advanced HDL Synthesis
     6.1) Advanced HDL Synthesis Report
  7) Low Level Synthesis
  8) Partition Report
  9) Final Report

=========================================================================
*                      Synthesis Options Summary                        *
=========================================================================
---- Source Parameters
Input File Name                    : "clock.prj"
Input Format                       : mixed
Ignore Synthesis Constraint File   : NO

---- Target Parameters
Output File Name                   : "clock"
Output Format                      : NGC
Target Device                      : CoolRunner2 CPLDs

---- Source Options
Top Module Name                    : clock
Automatic FSM Extraction           : YES
FSM Encoding Algorithm             : Auto
Safe Implementation                : No
Mux Extraction                     : Yes
Resource Sharing                   : YES

---- Target Options
Add IO Buffers                     : YES
MACRO Preserve                     : YES
XOR Preserve                       : YES
Equivalent register Removal        : YES

---- General Options
Optimization Goal                  : Speed
Optimization Effort                : 1
Keep Hierarchy                     : Yes
Netlist Hierarchy                  : As_Optimized
RTL Output                         : Yes
Hierarchy Separator                : /
Bus Delimiter                      : <>
Case Specifier                     : Maintain
Verilog 2001                       : YES

---- Other Options
Clock Enable                       : YES
wysiwyg                            : NO

=========================================================================


=========================================================================
*                          HDL Compilation                              *
=========================================================================
Compiling vhdl file "/home/marek/Dropbox/Projekty/CPLDclock/code/bcdcount.vhd" in Library work.
Entity <bcdcount> compiled.
Entity <bcdcount> (Architecture <Behavioral>) compiled.
Compiling vhdl file "/home/marek/Dropbox/Projekty/CPLDclock/code/FDivider.vhd" in Library work.
Entity <FDivider> compiled.
Entity <FDivider> (Architecture <Behavioral>) compiled.
Compiling vhdl file "/home/marek/Dropbox/Projekty/CPLDclock/code/PushButton.vhd" in Library work.
Entity <PushButton> compiled.
Entity <PushButton> (Architecture <Behavioral>) compiled.
Compiling vhdl file "/home/marek/Dropbox/Projekty/CPLDclock/code/bcdcnt60.vhd" in Library work.
Entity <bcdcnt60> compiled.
Entity <bcdcnt60> (Architecture <Behavioral>) compiled.
Compiling vhdl file "/home/marek/Dropbox/Projekty/CPLDclock/code/bcdcnt24.vhd" in Library work.
Entity <bcdcnt24> compiled.
Entity <bcdcnt24> (Architecture <Behavioral>) compiled.
Compiling vhdl file "/home/marek/Dropbox/Projekty/CPLDclock/code/decconv.vhd" in Library work.
Entity <decconv> compiled.
Entity <decconv> (Architecture <Behavioral>) compiled.
Compiling vhdl file "/home/marek/Dropbox/Projekty/CPLDclock/code/clock.vhd" in Library work.
Entity <clock> compiled.
Entity <clock> (Architecture <Behavioral>) compiled.

=========================================================================
*                     Design Hierarchy Analysis                         *
=========================================================================
Analyzing hierarchy for entity <clock> in library <work> (architecture <Behavioral>).

Analyzing hierarchy for entity <FDivider> in library <work> (architecture <Behavioral>).

Analyzing hierarchy for entity <PushButton> in library <work> (architecture <Behavioral>).

Analyzing hierarchy for entity <bcdcnt60> in library <work> (architecture <Behavioral>).

Analyzing hierarchy for entity <bcdcnt24> in library <work> (architecture <Behavioral>).

Analyzing hierarchy for entity <decconv> in library <work> (architecture <Behavioral>).

Analyzing hierarchy for entity <bcdcount> in library <work> (architecture <Behavioral>) with generics.
	maxval = 9

Analyzing hierarchy for entity <bcdcount> in library <work> (architecture <Behavioral>) with generics.
	maxval = 5

Analyzing hierarchy for entity <bcdcount> in library <work> (architecture <Behavioral>) with generics.
	maxval = 2


=========================================================================
*                            HDL Analysis                               *
=========================================================================
Analyzing Entity <clock> in library <work> (Architecture <Behavioral>).
WARNING:Xst:753 - "/home/marek/Dropbox/Projekty/CPLDclock/code/clock.vhd" line 169: Unconnected output port 'clkout' of component 'bcdcnt24'.
Entity <clock> analyzed. Unit <clock> generated.

Analyzing Entity <FDivider> in library <work> (Architecture <Behavioral>).
Entity <FDivider> analyzed. Unit <FDivider> generated.

Analyzing Entity <PushButton> in library <work> (Architecture <Behavioral>).
Entity <PushButton> analyzed. Unit <PushButton> generated.

Analyzing Entity <bcdcnt60> in library <work> (Architecture <Behavioral>).
Entity <bcdcnt60> analyzed. Unit <bcdcnt60> generated.

Analyzing generic Entity <bcdcount.1> in library <work> (Architecture <Behavioral>).
	maxval = 9
Entity <bcdcount.1> analyzed. Unit <bcdcount.1> generated.

Analyzing generic Entity <bcdcount.2> in library <work> (Architecture <Behavioral>).
	maxval = 5
Entity <bcdcount.2> analyzed. Unit <bcdcount.2> generated.

Analyzing Entity <bcdcnt24> in library <work> (Architecture <Behavioral>).
Entity <bcdcnt24> analyzed. Unit <bcdcnt24> generated.

Analyzing generic Entity <bcdcount.3> in library <work> (Architecture <Behavioral>).
	maxval = 2
Entity <bcdcount.3> analyzed. Unit <bcdcount.3> generated.

Analyzing Entity <decconv> in library <work> (Architecture <Behavioral>).
Entity <decconv> analyzed. Unit <decconv> generated.


=========================================================================
*                           HDL Synthesis                               *
=========================================================================

Performing bidirectional port resolution...

Synthesizing Unit <FDivider>.
    Related source file is "/home/marek/Dropbox/Projekty/CPLDclock/code/FDivider.vhd".
    Found 15-bit up counter for signal <FDivCnt>.
    Summary:
	inferred   1 Counter(s).
Unit <FDivider> synthesized.


Synthesizing Unit <PushButton>.
    Related source file is "/home/marek/Dropbox/Projekty/CPLDclock/code/PushButton.vhd".
WARNING:Xst:737 - Found 1-bit latch for signal <KeyFlag>. Latches may be generated from incomplete case or if statements. We do not recommend the use of latches in FPGA/CPLD designs, as they may lead to timing problems.
    Found 4-bit register for signal <ShiftRegister>.
Unit <PushButton> synthesized.


Synthesizing Unit <decconv>.
    Related source file is "/home/marek/Dropbox/Projekty/CPLDclock/code/decconv.vhd".
    Found 16x7-bit ROM for signal <Segments>.
    Summary:
	inferred   1 ROM(s).
Unit <decconv> synthesized.


Synthesizing Unit <bcdcount_1>.
    Related source file is "/home/marek/Dropbox/Projekty/CPLDclock/code/bcdcount.vhd".
    Found 1-bit register for signal <clkout>.
    Found 4-bit up counter for signal <counter>.
    Summary:
	inferred   1 Counter(s).
	inferred   1 D-type flip-flop(s).
Unit <bcdcount_1> synthesized.


Synthesizing Unit <bcdcount_2>.
    Related source file is "/home/marek/Dropbox/Projekty/CPLDclock/code/bcdcount.vhd".
    Found 1-bit register for signal <clkout>.
    Found 4-bit up counter for signal <counter>.
    Summary:
	inferred   1 Counter(s).
	inferred   1 D-type flip-flop(s).
Unit <bcdcount_2> synthesized.


Synthesizing Unit <bcdcount_3>.
    Related source file is "/home/marek/Dropbox/Projekty/CPLDclock/code/bcdcount.vhd".
    Found 1-bit register for signal <clkout>.
    Found 4-bit up counter for signal <counter>.
    Summary:
	inferred   1 Counter(s).
	inferred   1 D-type flip-flop(s).
Unit <bcdcount_3> synthesized.


Synthesizing Unit <bcdcnt60>.
    Related source file is "/home/marek/Dropbox/Projekty/CPLDclock/code/bcdcnt60.vhd".
Unit <bcdcnt60> synthesized.


Synthesizing Unit <bcdcnt24>.
    Related source file is "/home/marek/Dropbox/Projekty/CPLDclock/code/bcdcnt24.vhd".
Unit <bcdcnt24> synthesized.


Synthesizing Unit <clock>.
    Related source file is "/home/marek/Dropbox/Projekty/CPLDclock/code/clock.vhd".
    Found 1-bit register for signal <setmode>.
    Found 1-bit register for signal <showhr>.
    Summary:
	inferred   2 D-type flip-flop(s).
Unit <clock> synthesized.


=========================================================================
HDL Synthesis Report

Macro Statistics
# ROMs                                                 : 4
 16x7-bit ROM                                          : 4
# Counters                                             : 7
 15-bit up counter                                     : 1
 4-bit up counter                                      : 6
# Registers                                            : 12
 1-bit register                                        : 8
 4-bit register                                        : 4
# Latches                                              : 4
 1-bit latch                                           : 4

=========================================================================

=========================================================================
*                       Advanced HDL Synthesis                          *
=========================================================================


=========================================================================
Advanced HDL Synthesis Report

Macro Statistics
# ROMs                                                 : 4
 16x7-bit ROM                                          : 4
# Counters                                             : 7
 15-bit up counter                                     : 1
 4-bit up counter                                      : 6
# Registers                                            : 8
 Flip-Flops                                            : 8
# Latches                                              : 4
 1-bit latch                                           : 4

=========================================================================

=========================================================================
*                         Low Level Synthesis                           *
=========================================================================

Optimizing unit <clock> ...
  implementation constraint: INIT=r	 : setmode
  implementation constraint: INIT=r	 : showhr

Optimizing unit <decconv> ...

Optimizing unit <PushButton> ...

Optimizing unit <FDivider> ...

Optimizing unit <bcdcount_1> ...
  implementation constraint: INIT=r	 : counter_2
  implementation constraint: INIT=r	 : counter_3
  implementation constraint: INIT=r	 : counter_1
  implementation constraint: INIT=r	 : counter_0

Optimizing unit <bcdcount_2> ...
  implementation constraint: INIT=r	 : counter_2
  implementation constraint: INIT=r	 : counter_3
  implementation constraint: INIT=r	 : counter_1
  implementation constraint: INIT=r	 : counter_0

Optimizing unit <bcdcount_3> ...
  implementation constraint: INIT=r	 : counter_2
  implementation constraint: INIT=r	 : counter_3
  implementation constraint: INIT=r	 : counter_1
  implementation constraint: INIT=r	 : counter_0

Optimizing unit <bcdcnt60> ...

Optimizing unit <bcdcnt24> ...
WARNING:Xst:2677 - Node <clkout> of sequential type is unconnected in block <cnt10>.

=========================================================================
*                           Partition Report                            *
=========================================================================

Partition Implementation Status
-------------------------------

  No Partitions were found in this design.

-------------------------------

=========================================================================
*                            Final Report                               *
=========================================================================
Final Results
RTL Top Level Output File Name     : clock.ngr
Top Level Output File Name         : clock
Output Format                      : NGC
Optimization Goal                  : Speed
Keep Hierarchy                     : Yes
Target Technology                  : CoolRunner2 CPLDs
Macro Preserve                     : YES
XOR Preserve                       : YES
Clock Enable                       : YES
wysiwyg                            : NO

Design Statistics
# IOs                              : 37

Cell Usage :
# BELS                             : 625
#      AND2                        : 196
#      AND3                        : 1
#      AND4                        : 10
#      GND                         : 6
#      INV                         : 252
#      OR2                         : 123
#      VCC                         : 5
#      XOR2                        : 32
# FlipFlops/Latches                : 66
#      FD                          : 33
#      FDC                         : 24
#      FDCE                        : 5
#      LDC                         : 4
# IO Buffers                       : 37
#      IBUF                        : 5
#      OBUF                        : 32
=========================================================================


Total REAL time to Xst completion: 3.00 secs
Total CPU time to Xst completion: 3.20 secs
 
--> 


Total memory usage is 514376 kilobytes

Number of errors   :    0 (   0 filtered)
Number of warnings :    3 (   0 filtered)
Number of infos    :    0 (   0 filtered)

